[0;34m[INFO][0m Démarrage du déploiement...
[0;34m[INFO][0m Vérification de Docker...
[0;32m[SUCCESS][0m Docker opérationnel avec docker-compose
[0;34m[INFO][0m Vérification de la structure du projet...
[0;32m[SUCCESS][0m Structure du projet OK
[0;34m[INFO][0m Création des configurations nécessaires...
[0;32m[SUCCESS][0m Configurations créées
[0;34m[INFO][0m Arrêt des conteneurs existants...
[0;32m[SUCCESS][0m Conteneurs arrêtés
[0;34m[INFO][0m Démarrage de l'infrastructure...
[0;34m[INFO][0m Démarrage de PostgreSQL...
[0;34m[INFO][0m Attente de PostgreSQL...
[0;32m[SUCCESS][0m PostgreSQL prêt
[0;34m[INFO][0m Démarrage de MongoDB...
[0;34m[INFO][0m Attente de MongoDB...
[0;32m[SUCCESS][0m MongoDB prêt
[0;34m[INFO][0m Démarrage de RabbitMQ...
[0;34m[INFO][0m Attente de RabbitMQ...
[0;32m[SUCCESS][0m RabbitMQ prêt
[0;32m[SUCCESS][0m Infrastructure démarrée
[0;34m[INFO][0m Démarrage de Keycloak...
[0;34m[INFO][0m Attente de Keycloak (2-3 minutes)...
[0;32m[SUCCESS][0m Keycloak prêt
[0;34m[INFO][0m Vérification des services...
[0;32m[SUCCESS][0m Déploiement terminé avec succès !
